This is XeTeX, Version 3.14159265-2.6-0.99996 (TeX Live 2016) (preloaded format=xelatex 2016.12.19)  16 FEB 2018 09:28
entering extended mode
 restricted \write18 enabled.
 %&-line parsing enabled.
**/Users/cfroccajr/Applications/GIT/WCSU-MAT272-LinearAlgebra/src/OER_Linear_Al
g.mbx

(/Users/cfroccajr/Applications/GIT/WCSU-MAT272-LinearAlgebra/src/OER_Linear_Alg
.mbx
LaTeX2e <2016/03/31> patch level 3
Babel <3.9r> and hyphenation patterns for 83 language(s) loaded.

! LaTeX Error: Missing \begin{document}.

See the LaTeX manual or LaTeX Companion for explanation.
Type  H <return>  for immediate help.
 ...                                              
                                                  
l.1 <
     ?xml version="1.0" encoding="UTF-8"?>
? 
! Emergency stop.
 ...                                              
                                                  
l.1 <
     ?xml version="1.0" encoding="UTF-8"?>
You're in trouble here.  Try typing  <return>  to proceed.
If that doesn't work, type  X <return>  to quit.

 
Here is how much of TeX's memory you used:
 7 strings out of 493589
 397 string characters out of 6143511
 53785 words of memory out of 5000000
 3515 multiletter control sequences out of 15000+600000
 3640 words of font info for 14 fonts, out of 8000000 for 9000
 1347 hyphenation exceptions out of 8191
 5i,0n,4p,123b,14s stack positions out of 5000i,500n,10000p,200000b,80000s
No pages of output.
